d:\onedrive\visual studio\wxwidgets\overtonetuner\overtonetuner\debug\vc142.pdb
d:\onedrive\visual studio\wxwidgets\overtonetuner\overtonetuner\debug\vc142.idb
d:\onedrive\visual studio\wxwidgets\overtonetuner\overtonetuner\debug\cplot.obj
d:\onedrive\visual studio\wxwidgets\overtonetuner\overtonetuner\debug\cmain.obj
d:\onedrive\visual studio\wxwidgets\overtonetuner\overtonetuner\debug\cgraph.obj
d:\onedrive\visual studio\wxwidgets\overtonetuner\overtonetuner\debug\cdlginputdevice.obj
d:\onedrive\visual studio\wxwidgets\overtonetuner\overtonetuner\debug\capp.obj
d:\onedrive\visual studio\wxwidgets\overtonetuner\overtonetuner\debug\caudiorecorder.obj
d:\onedrive\visual studio\wxwidgets\overtonetuner\overtonetuner\debug\cmyfft.obj
d:\onedrive\visual studio\wxwidgets\overtonetuner\overtonetuner\debug\cpeakdetection.obj
d:\onedrive\visual studio\wxwidgets\overtonetuner\overtonetuner\debug\cmusicscale.obj
d:\onedrive\visual studio\wxwidgets\overtonetuner\debug\overtonetuner.exe
d:\onedrive\visual studio\wxwidgets\overtonetuner\debug\overtonetuner.ilk
d:\onedrive\visual studio\wxwidgets\overtonetuner\debug\overtonetuner.pdb
d:\onedrive\visual studio\wxwidgets\overtonetuner\overtonetuner\debug\cmain.new.obj.enc
d:\onedrive\visual studio\wxwidgets\overtonetuner\overtonetuner\debug\overtonetuner.tlog\cl.command.1.tlog
d:\onedrive\visual studio\wxwidgets\overtonetuner\overtonetuner\debug\overtonetuner.tlog\cl.read.1.tlog
d:\onedrive\visual studio\wxwidgets\overtonetuner\overtonetuner\debug\overtonetuner.tlog\cl.write.1.tlog
d:\onedrive\visual studio\wxwidgets\overtonetuner\overtonetuner\debug\overtonetuner.tlog\link.command.1.tlog
d:\onedrive\visual studio\wxwidgets\overtonetuner\overtonetuner\debug\overtonetuner.tlog\link.read.1.tlog
d:\onedrive\visual studio\wxwidgets\overtonetuner\overtonetuner\debug\overtonetuner.tlog\link.write.1.tlog
